android/app/build/intermediates/manifest_merge_blame_file/debug/manifest-merger-blame-debug-report.txt
1<?xml version="1.0" encoding="utf-8"?>
2<manifest xmlns:android="http://schemas.android.com/apk/res/android"
3    package="com.acewise"
4    android:versionCode="1"
5    android:versionName="1.0" >
6
7    <uses-sdk
8        android:minSdkVersion="21"
9        android:targetSdkVersion="31" />
10
11    <uses-permission android:name="android.permission.SYSTEM_ALERT_WINDOW" />
11-->src/debug/AndroidManifest.xml:5:5-77
11-->src/debug/AndroidManifest.xml:5:22-75
12    <uses-permission android:name="android.permission.INTERNET" />
12-->src/main/AndroidManifest.xml:4:5-67
12-->src/main/AndroidManifest.xml:4:22-64
13    <uses-permission android:name="android.permission.CAMERA" />
13-->src/main/AndroidManifest.xml:5:6-66
13-->src/main/AndroidManifest.xml:5:23-63
14    <uses-permission android:name="android.permission.READ_EXTERNAL_STORAGE" />
14-->src/main/AndroidManifest.xml:6:5-80
14-->src/main/AndroidManifest.xml:6:22-77
15    <uses-permission android:name="android.permission.WRITE_EXTERNAL_STORAGE" />
15-->src/main/AndroidManifest.xml:7:5-81
15-->src/main/AndroidManifest.xml:7:22-78
16    <uses-permission android:name="android.permission.ACCESS_WIFI_STATE" />
16-->[com.facebook.flipper:flipper:0.125.0] AndroidManifest.xml:16:5-76
16-->[com.facebook.flipper:flipper:0.125.0] AndroidManifest.xml:16:22-73
17
18    <queries>
18-->[:react-native-image-crop-picker] AndroidManifest.xml:9:5-13:15
19        <intent>
19-->[:react-native-image-crop-picker] AndroidManifest.xml:10:9-12:18
20            <action android:name="android.media.action.IMAGE_CAPTURE" />
20-->[:react-native-image-crop-picker] AndroidManifest.xml:11:13-73
20-->[:react-native-image-crop-picker] AndroidManifest.xml:11:21-70
21        </intent>
22    </queries> <!-- Required by older versions of Google Play services to create IID tokens -->
23    <uses-permission android:name="com.google.android.c2dm.permission.RECEIVE" />
23-->[com.google.android.gms:play-services-iid:17.0.0] AndroidManifest.xml:23:5-82
23-->[com.google.android.gms:play-services-iid:17.0.0] AndroidManifest.xml:23:22-79
24    <uses-permission android:name="com.google.android.finsky.permission.BIND_GET_INSTALL_REFERRER_SERVICE" />
24-->[com.android.installreferrer:installreferrer:1.1.2] AndroidManifest.xml:9:5-110
24-->[com.android.installreferrer:installreferrer:1.1.2] AndroidManifest.xml:9:22-107
25
26    <application
26-->src/main/AndroidManifest.xml:9:5-28:19
27        android:name="com.acewise.MainApplication"
27-->src/main/AndroidManifest.xml:10:7-38
28        android:allowBackup="false"
28-->src/main/AndroidManifest.xml:14:7-34
29        android:appComponentFactory="androidx.core.app.CoreComponentFactory"
29-->[androidx.core:core:1.6.0] AndroidManifest.xml:24:18-86
30        android:debuggable="true"
31        android:icon="@mipmap/ic_launcher"
31-->src/main/AndroidManifest.xml:12:7-41
32        android:label="@string/app_name"
32-->src/main/AndroidManifest.xml:11:7-39
33        android:roundIcon="@mipmap/ic_launcher_round"
33-->src/main/AndroidManifest.xml:13:7-52
34        android:testOnly="true"
35        android:theme="@style/AppTheme"
35-->src/main/AndroidManifest.xml:15:7-38
36        android:usesCleartextTraffic="true" >
36-->src/debug/AndroidManifest.xml:8:9-44
37        <activity
37-->src/debug/AndroidManifest.xml:11:9-111
38            android:name="com.facebook.react.devsupport.DevSettingsActivity"
38-->src/debug/AndroidManifest.xml:11:19-83
39            android:exported="false" />
39-->src/debug/AndroidManifest.xml:11:84-108
40        <activity
40-->src/main/AndroidManifest.xml:16:7-27:18
41            android:name="com.acewise.MainActivity"
41-->src/main/AndroidManifest.xml:17:9-37
42            android:configChanges="keyboard|keyboardHidden|orientation|screenLayout|screenSize|smallestScreenSize|uiMode"
42-->src/main/AndroidManifest.xml:19:9-118
43            android:exported="true"
43-->src/main/AndroidManifest.xml:22:9-32
44            android:label="@string/app_name"
44-->src/main/AndroidManifest.xml:18:9-41
45            android:launchMode="singleTask"
45-->src/main/AndroidManifest.xml:20:9-40
46            android:windowSoftInputMode="adjustPan" >
46-->src/main/AndroidManifest.xml:21:9-48
47            <intent-filter>
47-->src/main/AndroidManifest.xml:23:9-26:25
48                <action android:name="android.intent.action.MAIN" />
48-->src/main/AndroidManifest.xml:24:13-65
48-->src/main/AndroidManifest.xml:24:21-62
49
50                <category android:name="android.intent.category.LAUNCHER" />
50-->src/main/AndroidManifest.xml:25:13-73
50-->src/main/AndroidManifest.xml:25:23-70
51            </intent-filter>
52        </activity>
53
54        <provider
54-->[:react-native-image-crop-picker] AndroidManifest.xml:18:9-26:20
55            android:name="androidx.core.content.FileProvider"
55-->[:react-native-image-crop-picker] AndroidManifest.xml:19:13-62
56            android:authorities="com.acewise.provider"
56-->[:react-native-image-crop-picker] AndroidManifest.xml:20:13-60
57            android:exported="false"
57-->[:react-native-image-crop-picker] AndroidManifest.xml:21:13-37
58            android:grantUriPermissions="true" >
58-->[:react-native-image-crop-picker] AndroidManifest.xml:22:13-47
59            <meta-data
59-->[:react-native-image-crop-picker] AndroidManifest.xml:23:13-25:58
60                android:name="android.support.FILE_PROVIDER_PATHS"
60-->[:react-native-image-crop-picker] AndroidManifest.xml:24:17-67
61                android:resource="@xml/provider_paths" />
61-->[:react-native-image-crop-picker] AndroidManifest.xml:25:17-55
62        </provider>
63
64        <activity
64-->[:react-native-image-crop-picker] AndroidManifest.xml:28:9-30:72
65            android:name="com.yalantis.ucrop.UCropActivity"
65-->[:react-native-image-crop-picker] AndroidManifest.xml:29:13-60
66            android:theme="@style/Theme.AppCompat.Light.NoActionBar" />
66-->[:react-native-image-crop-picker] AndroidManifest.xml:30:13-69
67
68        <provider
68-->[:react-native-webview] AndroidManifest.xml:10:9-18:20
69            android:name="com.reactnativecommunity.webview.RNCWebViewFileProvider"
69-->[:react-native-webview] AndroidManifest.xml:11:13-83
70            android:authorities="com.acewise.fileprovider"
70-->[:react-native-webview] AndroidManifest.xml:12:13-64
71            android:exported="false"
71-->[:react-native-webview] AndroidManifest.xml:13:13-37
72            android:grantUriPermissions="true" >
72-->[:react-native-webview] AndroidManifest.xml:14:13-47
73            <meta-data
73-->[:react-native-image-crop-picker] AndroidManifest.xml:23:13-25:58
74                android:name="android.support.FILE_PROVIDER_PATHS"
74-->[:react-native-image-crop-picker] AndroidManifest.xml:24:17-67
75                android:resource="@xml/file_provider_paths" />
75-->[:react-native-image-crop-picker] AndroidManifest.xml:25:17-55
76        </provider>
77
78        <activity
78-->[com.google.android.gms:play-services-base:17.0.0] AndroidManifest.xml:23:9-26:75
79            android:name="com.google.android.gms.common.api.GoogleApiActivity"
79-->[com.google.android.gms:play-services-base:17.0.0] AndroidManifest.xml:24:13-79
80            android:exported="false"
80-->[com.google.android.gms:play-services-base:17.0.0] AndroidManifest.xml:25:13-37
81            android:theme="@android:style/Theme.Translucent.NoTitleBar" />
81-->[com.google.android.gms:play-services-base:17.0.0] AndroidManifest.xml:26:13-72
82
83        <meta-data
83-->[com.google.android.gms:play-services-basement:17.0.0] AndroidManifest.xml:23:9-25:69
84            android:name="com.google.android.gms.version"
84-->[com.google.android.gms:play-services-basement:17.0.0] AndroidManifest.xml:24:13-58
85            android:value="@integer/google_play_services_version" />
85-->[com.google.android.gms:play-services-basement:17.0.0] AndroidManifest.xml:25:13-66
86    </application>
87
88</manifest>